#
# There is insufficient memory for the Java Runtime Environment to continue.
# Native memory allocation (malloc) failed to allocate 164656 bytes for Chunk::new
# Possible reasons:
#   The system is out of physical RAM or swap space
#   In 32 bit mode, the process size limit was hit
# Possible solutions:
#   Reduce memory load on the system
#   Increase physical memory or swap space
#   Check if swap backing store is full
#   Use 64 bit Java on a 64 bit OS
#   Decrease Java heap size (-Xmx/-Xms)
#   Decrease number of Java threads
#   Decrease Java thread stack sizes (-Xss)
#   Set larger code cache with -XX:ReservedCodeCacheSize=
# This output file may be truncated or incomplete.
#
#  Out of Memory Error (allocation.cpp:390), pid=3848, tid=3320
#
# JRE version: Java(TM) SE Runtime Environment (8.0_51-b16) (build 1.8.0_51-b16)
# Java VM: Java HotSpot(TM) 64-Bit Server VM (25.51-b03 mixed mode windows-amd64 compressed oops)
# Failed to write core dump. Minidumps are not enabled by default on client versions of Windows
#

---------------  T H R E A D  ---------------

Current thread (0x0000000057328800):  JavaThread "C2 CompilerThread0" daemon [_thread_in_native, id=3320, stack(0x0000000058ac0000,0x0000000058bc0000)]

Stack: [0x0000000058ac0000,0x0000000058bc0000]
Native frames: (J=compiled Java code, j=interpreted, Vv=VM code, C=native code)
V  [jvm.dll+0x32b4ca]


Current CompileTask:
C2:   5587 1273       4       javafx.scene.CssStyleHelper::getStyle (162 bytes)


---------------  P R O C E S S  ---------------

Java Threads: ( => current thread )
  0x000000005ab31000 JavaThread "Prism Font Disposer" daemon [_thread_blocked, id=1068, stack(0x000000005d470000,0x000000005d570000)]
  0x0000000058fa2800 JavaThread "JavaFX-Launcher" [_thread_blocked, id=4604, stack(0x000000005b2a0000,0x000000005b3a0000)]
  0x0000000058fb6800 JavaThread "Thread-2" daemon [_thread_in_native, id=5352, stack(0x000000005b030000,0x000000005b130000)]
  0x0000000058f76000 JavaThread "JavaFX Application Thread" [_thread_in_native, id=288, stack(0x0000000058fc0000,0x00000000590c0000)]
  0x0000000058f74000 JavaThread "Thread-1" daemon [_thread_blocked, id=5896, stack(0x00000000599e0000,0x0000000059ae0000)]
  0x0000000058ef4000 JavaThread "QuantumRenderer-0" daemon [_thread_in_native, id=4560, stack(0x0000000059810000,0x0000000059910000)]
  0x0000000058c23000 JavaThread "Service Thread" daemon [_thread_blocked, id=5512, stack(0x00000000594f0000,0x00000000595f0000)]
  0x0000000058c1f800 JavaThread "C1 CompilerThread2" daemon [_thread_blocked, id=4812, stack(0x0000000059310000,0x0000000059410000)]
  0x0000000058c16800 JavaThread "C2 CompilerThread1" daemon [_thread_in_native, id=4700, stack(0x0000000059160000,0x0000000059260000)]
=>0x0000000057328800 JavaThread "C2 CompilerThread0" daemon [_thread_in_native, id=3320, stack(0x0000000058ac0000,0x0000000058bc0000)]
  0x0000000057327800 JavaThread "Attach Listener" daemon [_thread_blocked, id=5872, stack(0x0000000058890000,0x0000000058990000)]
  0x0000000057324000 JavaThread "Signal Dispatcher" daemon [_thread_blocked, id=4876, stack(0x00000000589c0000,0x0000000058ac0000)]
  0x00000000572c7000 JavaThread "Finalizer" daemon [_thread_blocked, id=5724, stack(0x00000000586f0000,0x00000000587f0000)]
  0x00000000572c0000 JavaThread "Reference Handler" daemon [_thread_blocked, id=1412, stack(0x00000000585b0000,0x00000000586b0000)]
  0x0000000001f58000 JavaThread "main" [_thread_blocked, id=5188, stack(0x0000000002200000,0x0000000002300000)]

Other Threads:
  0x00000000572ba000 VMThread [stack: 0x00000000583e0000,0x00000000584e0000] [id=4892]
  0x0000000058c27000 WatcherThread [stack: 0x00000000595f0000,0x00000000596f0000] [id=6024]

VM state:not at safepoint (normal execution)

VM Mutex/Monitor currently owned by a thread: None

Heap:
 PSYoungGen      total 38400K, used 11150K [0x00000000d5580000, 0x00000000d8000000, 0x0000000100000000)
  eden space 33280K, 33% used [0x00000000d5580000,0x00000000d6063900,0x00000000d7600000)
  from space 5120K, 0% used [0x00000000d7600000,0x00000000d7600000,0x00000000d7b00000)
  to   space 5120K, 0% used [0x00000000d7b00000,0x00000000d7b00000,0x00000000d8000000)
 ParOldGen       total 67584K, used 3238K [0x0000000080000000, 0x0000000084200000, 0x00000000d5580000)
  object space 67584K, 4% used [0x0000000080000000,0x0000000080329b40,0x0000000084200000)
 Metaspace       used 14073K, capacity 14696K, committed 14848K, reserved 1062912K
  class space    used 2024K, capacity 2194K, committed 2304K, reserved 1048576K

Card table byte_map: [0x0000000011990000,0x0000000011da0000] byte_map_base: 0x0000000011590000

Marking Bits: (ParMarkBitMap*) 0x000000006df84040
 Begin Bits: [0x0000000012530000, 0x0000000014530000)
 End Bits:   [0x0000000014530000, 0x0000000016530000)

Polling page: 0x0000000000110000

CodeCache: size=245760Kb used=4392Kb max_used=4392Kb free=241367Kb
 bounds [0x00000000025d0000, 0x0000000002a20000, 0x00000000115d0000]
 total_blobs=1899 nmethods=1282 adapters=529
 compilation: enabled

Compilation events (10 events):
Event: 5.581 Thread 0x0000000058c1f800 1279       3       java.util.HashSet::remove (20 bytes)
Event: 5.581 Thread 0x0000000058c1f800 nmethod 1279 0x0000000002a1a7d0 code [0x0000000002a1a960, 0x0000000002a1aeb8]
Event: 5.581 Thread 0x0000000058c1f800 1280       3       java.util.HashMap::remove (26 bytes)
Event: 5.581 Thread 0x0000000058c1f800 nmethod 1280 0x0000000002a1b090 code [0x0000000002a1b220, 0x0000000002a1b638]
Event: 5.581 Thread 0x0000000058c1f800 1284       3       javafx.beans.property.DoublePropertyBase::get (29 bytes)
Event: 5.581 Thread 0x0000000058c1f800 nmethod 1284 0x0000000002a1b790 code [0x0000000002a1b900, 0x0000000002a1bb88]
Event: 5.581 Thread 0x0000000058c1f800 1283       1       com.sun.javafx.UnmodifiableArrayList::size (5 bytes)
Event: 5.582 Thread 0x0000000058c1f800 nmethod 1283 0x0000000002a1bc50 code [0x0000000002a1bda0, 0x0000000002a1beb0]
Event: 5.582 Thread 0x0000000058c1f800 1282       1       javafx.scene.paint.Stop::getColor (5 bytes)
Event: 5.582 Thread 0x0000000058c1f800 nmethod 1282 0x0000000002a1bf10 code [0x0000000002a1c060, 0x0000000002a1c170]

GC Heap History (4 events):
Event: 3.041 GC heap before
{Heap before GC invocations=1 (full 0):
 PSYoungGen      total 38400K, used 21926K [0x00000000d5580000, 0x00000000d8000000, 0x0000000100000000)
  eden space 33280K, 65% used [0x00000000d5580000,0x00000000d6ae9870,0x00000000d7600000)
  from space 5120K, 0% used [0x00000000d7b00000,0x00000000d7b00000,0x00000000d8000000)
  to   space 5120K, 0% used [0x00000000d7600000,0x00000000d7600000,0x00000000d7b00000)
 ParOldGen       total 87552K, used 0K [0x0000000080000000, 0x0000000085580000, 0x00000000d5580000)
  object space 87552K, 0% used [0x0000000080000000,0x0000000080000000,0x0000000085580000)
 Metaspace       used 10933K, capacity 11268K, committed 11392K, reserved 1062912K
  class space    used 1472K, capacity 1602K, committed 1664K, reserved 1048576K
Event: 3.045 GC heap after
Heap after GC invocations=1 (full 0):
 PSYoungGen      total 38400K, used 3248K [0x00000000d5580000, 0x00000000d8000000, 0x0000000100000000)
  eden space 33280K, 0% used [0x00000000d5580000,0x00000000d5580000,0x00000000d7600000)
  from space 5120K, 63% used [0x00000000d7600000,0x00000000d792c030,0x00000000d7b00000)
  to   space 5120K, 0% used [0x00000000d7b00000,0x00000000d7b00000,0x00000000d8000000)
 ParOldGen       total 87552K, used 80K [0x0000000080000000, 0x0000000085580000, 0x00000000d5580000)
  object space 87552K, 0% used [0x0000000080000000,0x0000000080014010,0x0000000085580000)
 Metaspace       used 10933K, capacity 11268K, committed 11392K, reserved 1062912K
  class space    used 1472K, capacity 1602K, committed 1664K, reserved 1048576K
}
Event: 3.045 GC heap before
{Heap before GC invocations=2 (full 1):
 PSYoungGen      total 38400K, used 3248K [0x00000000d5580000, 0x00000000d8000000, 0x0000000100000000)
  eden space 33280K, 0% used [0x00000000d5580000,0x00000000d5580000,0x00000000d7600000)
  from space 5120K, 63% used [0x00000000d7600000,0x00000000d792c030,0x00000000d7b00000)
  to   space 5120K, 0% used [0x00000000d7b00000,0x00000000d7b00000,0x00000000d8000000)
 ParOldGen       total 87552K, used 80K [0x0000000080000000, 0x0000000085580000, 0x00000000d5580000)
  object space 87552K, 0% used [0x0000000080000000,0x0000000080014010,0x0000000085580000)
 Metaspace       used 10933K, capacity 11268K, committed 11392K, reserved 1062912K
  class space    used 1472K, capacity 1602K, committed 1664K, reserved 1048576K
Event: 3.098 GC heap after
Heap after GC invocations=2 (full 1):
 PSYoungGen      total 38400K, used 0K [0x00000000d5580000, 0x00000000d8000000, 0x0000000100000000)
  eden space 33280K, 0% used [0x00000000d5580000,0x00000000d5580000,0x00000000d7600000)
  from space 5120K, 0% used [0x00000000d7600000,0x00000000d7600000,0x00000000d7b00000)
  to   space 5120K, 0% used [0x00000000d7b00000,0x00000000d7b00000,0x00000000d8000000)
 ParOldGen       total 67584K, used 3238K [0x0000000080000000, 0x0000000084200000, 0x00000000d5580000)
  object space 67584K, 4% used [0x0000000080000000,0x0000000080329b40,0x0000000084200000)
 Metaspace       used 10933K, capacity 11268K, committed 11392K, reserved 1060864K
  class space    used 1472K, capacity 1602K, committed 1664K, reserved 1048576K
}

Deoptimization events (10 events):
Event: 3.236 Thread 0x0000000058f76000 Uncommon trap: reason=unstable_if action=reinterpret pc=0x00000000028d1720 method=java.lang.String.indexOf([CII[CIII)I @ 3
Event: 3.244 Thread 0x0000000058f76000 Uncommon trap: reason=class_check action=maybe_recompile pc=0x000000000287f6d0 method=java.io.DataInputStream.readShort()S @ 4
Event: 3.244 Thread 0x0000000058f76000 Uncommon trap: reason=class_check action=maybe_recompile pc=0x000000000287f6d0 method=java.io.DataInputStream.readShort()S @ 4
Event: 3.245 Thread 0x0000000058f76000 Uncommon trap: reason=class_check action=maybe_recompile pc=0x000000000287f6d0 method=java.io.DataInputStream.readShort()S @ 4
Event: 3.245 Thread 0x0000000058f76000 Uncommon trap: reason=class_check action=maybe_recompile pc=0x000000000287f6d0 method=java.io.DataInputStream.readShort()S @ 4
Event: 3.251 Thread 0x0000000058f76000 Uncommon trap: reason=class_check action=maybe_recompile pc=0x00000000026fa2e0 method=java.lang.String.equals(Ljava/lang/Object;)Z @ 8
Event: 3.251 Thread 0x0000000058f76000 Uncommon trap: reason=class_check action=maybe_recompile pc=0x00000000026fa2e0 method=java.lang.String.equals(Ljava/lang/Object;)Z @ 8
Event: 3.251 Thread 0x0000000058f76000 Uncommon trap: reason=class_check action=maybe_recompile pc=0x00000000026fa2e0 method=java.lang.String.equals(Ljava/lang/Object;)Z @ 8
Event: 3.252 Thread 0x0000000058f76000 Uncommon trap: reason=class_check action=maybe_recompile pc=0x00000000026fa2e0 method=java.lang.String.equals(Ljava/lang/Object;)Z @ 8
Event: 3.345 Thread 0x0000000058f76000 Uncommon trap: reason=unstable_if action=reinterpret pc=0x00000000028d5834 method=sun.net.www.ParseUtil.encodePath(Ljava/lang/String;Z)Ljava/lang/String; @ 109

Internal exceptions (10 events):
Event: 1.278 Thread 0x0000000001f58000 Exception <a 'java/security/PrivilegedActionException'> (0x00000000d59065d8) thrown at [C:\re\workspace\8-2-build-windows-amd64-cygwin\jdk8u51\3951\hotspot\src\share\vm\prims\jvm.cpp, line 1382]
Event: 1.278 Thread 0x0000000001f58000 Exception <a 'java/security/PrivilegedActionException'> (0x00000000d5906790) thrown at [C:\re\workspace\8-2-build-windows-amd64-cygwin\jdk8u51\3951\hotspot\src\share\vm\prims\jvm.cpp, line 1382]
Event: 1.278 Thread 0x0000000001f58000 Exception <a 'java/lang/NullPointerException'> (0x00000000d5906d10) thrown at [C:\re\workspace\8-2-build-windows-amd64-cygwin\jdk8u51\3951\hotspot\src\share\vm\interpreter\linkResolver.cpp, line 1178]
Event: 2.041 Thread 0x0000000058f76000 Exception <a 'java/lang/NullPointerException'> (0x00000000d6252fd0) thrown at [C:\re\workspace\8-2-build-windows-amd64-cygwin\jdk8u51\3951\hotspot\src\share\vm\interpreter\linkResolver.cpp, line 1178]
Event: 2.041 Thread 0x0000000058f76000 Exception <a 'java/lang/NullPointerException'> (0x00000000d6252fd0) thrown at [C:\re\workspace\8-2-build-windows-amd64-cygwin\jdk8u51\3951\hotspot\src\share\vm\prims\jvm.cpp, line 1386]
Event: 2.333 Thread 0x0000000058f76000 Exception <a 'java/lang/ArrayIndexOutOfBoundsException'> (0x00000000d677c398) thrown at [C:\re\workspace\8-2-build-windows-amd64-cygwin\jdk8u51\3951\hotspot\src\share\vm\runtime\sharedRuntime.cpp, line 605]
Event: 2.334 Thread 0x0000000058f76000 Exception <a 'java/lang/ArrayIndexOutOfBoundsException'> (0x00000000d677cfe8) thrown at [C:\re\workspace\8-2-build-windows-amd64-cygwin\jdk8u51\3951\hotspot\src\share\vm\runtime\sharedRuntime.cpp, line 605]
Event: 2.334 Thread 0x0000000058f76000 Exception <a 'java/lang/ArrayIndexOutOfBoundsException'> (0x00000000d677e2e0) thrown at [C:\re\workspace\8-2-build-windows-amd64-cygwin\jdk8u51\3951\hotspot\src\share\vm\runtime\sharedRuntime.cpp, line 605]
Event: 3.155 Thread 0x0000000058f76000 Exception <a 'java/io/FileNotFoundException'> (0x00000000d56bcd58) thrown at [C:\re\workspace\8-2-build-windows-amd64-cygwin\jdk8u51\3951\hotspot\src\share\vm\prims\jni.cpp, line 709]
Event: 3.925 Thread 0x0000000058ef4000 Exception <a 'java/lang/NullPointerException'> (0x00000000d5fc9a40) thrown at [C:\re\workspace\8-2-build-windows-amd64-cygwin\jdk8u51\3951\hotspot\src\share\vm\interpreter\linkResolver.cpp, line 1280]

Events (10 events):
Event: 3.916 loading class com/sun/prism/impl/GlyphCache
Event: 3.916 loading class com/sun/prism/impl/GlyphCache done
Event: 3.925 loading class java/lang/Throwable$WrappedPrintStream
Event: 3.925 loading class java/lang/Throwable$PrintStreamOrWriter
Event: 3.925 loading class java/lang/Throwable$PrintStreamOrWriter done
Event: 3.925 loading class java/lang/Throwable$WrappedPrintStream done
Event: 3.925 loading class java/util/IdentityHashMap$KeySet
Event: 3.926 loading class java/util/IdentityHashMap$KeySet done
Event: 4.922 Executing VM operation: EnableBiasedLocking
Event: 4.922 Executing VM operation: EnableBiasedLocking done


Dynamic libraries:
0x000000013faa0000 - 0x000000013fad7000 	C:\Program Files\Java\jre1.8.0_51\bin\javaw.exe
0x00000000771b0000 - 0x000000007734f000 	C:\Windows\SYSTEM32\ntdll.dll
0x0000000076f90000 - 0x00000000770af000 	C:\Windows\system32\kernel32.dll
0x000007fefd000000 - 0x000007fefd06a000 	C:\Windows\system32\KERNELBASE.dll
0x000007fefe2d0000 - 0x000007fefe3ab000 	C:\Windows\system32\ADVAPI32.dll
0x000007feff090000 - 0x000007feff12f000 	C:\Windows\system32\msvcrt.dll
0x000007fefe9e0000 - 0x000007fefe9ff000 	C:\Windows\SYSTEM32\sechost.dll
0x000007fefeed0000 - 0x000007fefeffd000 	C:\Windows\system32\RPCRT4.dll
0x00000000770b0000 - 0x00000000771aa000 	C:\Windows\system32\USER32.dll
0x000007fefde50000 - 0x000007fefdeb7000 	C:\Windows\system32\GDI32.dll
0x000007feff080000 - 0x000007feff08e000 	C:\Windows\system32\LPK.dll
0x000007fefded0000 - 0x000007fefdf9b000 	C:\Windows\system32\USP10.dll
0x000007fefb280000 - 0x000007fefb474000 	C:\Windows\WinSxS\amd64_microsoft.windows.common-controls_6595b64144ccf1df_6.0.7601.18837_none_fa3b1e3d17594757\COMCTL32.dll
0x000007fefe490000 - 0x000007fefe501000 	C:\Windows\system32\SHLWAPI.dll
0x000007feff240000 - 0x000007feff26e000 	C:\Windows\system32\IMM32.DLL
0x000007feff130000 - 0x000007feff239000 	C:\Windows\system32\MSCTF.dll
0x000007fefcc40000 - 0x000007fefcc65000 	C:\Windows\system32\vmwsci.dll
0x0000000077350000 - 0x0000000077357000 	C:\Windows\system32\PSAPI.DLL
0x000000006bea0000 - 0x000000006bf72000 	C:\Program Files\Java\jre1.8.0_51\bin\msvcr100.dll
0x000000006d780000 - 0x000000006e003000 	C:\Program Files\Java\jre1.8.0_51\bin\server\jvm.dll
0x000007fef7520000 - 0x000007fef7529000 	C:\Windows\system32\WSOCK32.dll
0x000007fefdfa0000 - 0x000007fefdfed000 	C:\Windows\system32\WS2_32.dll
0x000007fefdec0000 - 0x000007fefdec8000 	C:\Windows\system32\NSI.dll
0x000007fef74e0000 - 0x000007fef751b000 	C:\Windows\system32\WINMM.dll
0x000007fefbf30000 - 0x000007fefbf3c000 	C:\Windows\system32\VERSION.dll
0x0000000070610000 - 0x000000007061f000 	C:\Program Files\Java\jre1.8.0_51\bin\verify.dll
0x000000006fd30000 - 0x000000006fd59000 	C:\Program Files\Java\jre1.8.0_51\bin\java.dll
0x000000006fef0000 - 0x000000006ff06000 	C:\Program Files\Java\jre1.8.0_51\bin\zip.dll
0x000007fefd0c0000 - 0x000007fefde4a000 	C:\Windows\system32\SHELL32.dll
0x000007fefe7e0000 - 0x000007fefe9df000 	C:\Windows\system32\ole32.dll
0x000007fefcd00000 - 0x000007fefcd0f000 	C:\Windows\system32\profapi.dll
0x000000006d750000 - 0x000000006d77c000 	C:\Program Files\Java\jre1.8.0_51\bin\prism_d3d.dll
0x000007fee5460000 - 0x000007fee565f000 	C:\Windows\system32\d3d9.dll
0x000007fef9e10000 - 0x000007fef9e17000 	C:\Windows\system32\d3d8thk.dll
0x000007fefaea0000 - 0x000007fefaeb8000 	C:\Windows\system32\dwmapi.dll
0x000007feeee10000 - 0x000007feeee6e000 	C:\Windows\system32\vm3dum64.dll
0x000000006d700000 - 0x000000006d741000 	C:\Program Files\Java\jre1.8.0_51\bin\glass.dll
0x000007fefe050000 - 0x000007fefe0e7000 	C:\Windows\system32\COMDLG32.dll
0x000007fefe3b0000 - 0x000007fefe48a000 	C:\Windows\system32\OLEAUT32.dll
0x000007fefcb30000 - 0x000007fefcb3f000 	C:\Windows\system32\CRYPTBASE.dll
0x000000006d6e0000 - 0x000000006d6f5000 	C:\Program Files\Java\jre1.8.0_51\bin\javafx_font.dll
0x000007fee70f0000 - 0x000007fee7287000 	C:\Windows\system32\dwrite.dll
0x000007feff270000 - 0x000007feff309000 	C:\Windows\system32\CLBCatQ.DLL
0x000007fefad30000 - 0x000007fefae91000 	C:\Windows\system32\WindowsCodecs.dll
0x000007fefcad0000 - 0x000007fefcb27000 	C:\Windows\system32\apphelp.dll
0x000007fef3910000 - 0x000007fef3b4b000 	C:\PROGRA~1\MICROS~1\Office15\GROOVEEX.DLL
0x0000000071bf0000 - 0x0000000071c88000 	C:\Windows\system32\MSVCP100.dll
0x0000000071970000 - 0x000000007199b000 	C:\Windows\system32\ATL100.DLL
0x000007fef35f0000 - 0x000007fef390e000 	C:\Windows\system32\msi.dll
0x000007fef2ae0000 - 0x000007fef3119000 	C:\PROGRA~1\MICROS~1\Office15\1033\GrooveIntlResource.dll
0x000007fef5860000 - 0x000007fef5895000 	C:\Windows\system32\EhStorShell.dll
0x000007fefe0f0000 - 0x000007fefe2c7000 	C:\Windows\system32\SETUPAPI.dll
0x000007fefcea0000 - 0x000007fefced6000 	C:\Windows\system32\CFGMGR32.dll
0x000007fefcf80000 - 0x000007fefcf9a000 	C:\Windows\system32\DEVOBJ.dll
0x000007fefb150000 - 0x000007fefb27c000 	C:\Windows\system32\PROPSYS.dll
0x000007fef2460000 - 0x000007fef2ad1000 	C:\PROGRA~1\MICROS~1\Office14\GROOVEEX.DLL
0x00000000749c0000 - 0x0000000074a63000 	C:\Windows\WinSxS\amd64_microsoft.vc90.crt_1fc8b3b9a1e18e3b_9.0.30729.6161_none_08e61857a83bc251\MSVCR90.dll
0x00000000748e0000 - 0x00000000749b3000 	C:\Windows\WinSxS\amd64_microsoft.vc90.crt_1fc8b3b9a1e18e3b_9.0.30729.6161_none_08e61857a83bc251\MSVCP90.dll
0x00000000719d0000 - 0x00000000719ff000 	C:\Windows\WinSxS\amd64_microsoft.vc90.atl_1fc8b3b9a1e18e3b_9.0.30729.6161_none_0a1fd3a3a768b895\ATL90.DLL
0x000007fefb060000 - 0x000007fefb0b6000 	C:\Windows\system32\UxTheme.dll
0x000007fef2050000 - 0x000007fef245f000 	C:\PROGRA~1\COMMON~1\MICROS~1\OFFICE14\Cultures\office.odf
0x000007fef17e0000 - 0x000007fef2044000 	C:\PROGRA~1\MICROS~1\Office14\1033\GrooveIntlResource.dll
0x000007fef4ac0000 - 0x000007fef4b3e000 	C:\Windows\System32\cscui.dll
0x000007fef5910000 - 0x000007fef591c000 	C:\Windows\System32\CSCDLL.dll
0x000007fef50e0000 - 0x000007fef50ef000 	C:\Windows\system32\CSCAPI.dll
0x000007fef4a40000 - 0x000007fef4ac0000 	C:\Windows\system32\ntshrui.dll
0x000007fefaaa0000 - 0x000007fefaaab000 	C:\Windows\system32\slc.dll
0x000007fef56b0000 - 0x000007fef56dd000 	C:\Program Files\Common Files\Microsoft Shared\Ink\rtscom.dll
0x000000006d6c0000 - 0x000000006d6d1000 	C:\Program Files\Java\jre1.8.0_51\bin\prism_common.dll

VM Arguments:
jvm_args: -Dfile.encoding=Cp1252 
java_command: application.Main
java_class_path (initial): V:\workspace\Math Madness\bin;V:\.eclipse\plugins\org.eclipse.fx.ide.css.jfx8_2.1.0.201508240705.jar
Launcher Type: SUN_STANDARD

Environment Variables:
CLASSPATH=.;C:\Program Files (x86)\Java\jre7\lib\ext\QTJava.zip
PATH=C:/Program Files/Java/jre1.8.0_51/bin/server;C:/Program Files/Java/jre1.8.0_51/bin;C:/Program Files/Java/jre1.8.0_51/lib/amd64;C:\ProgramData\Oracle\Java\javapath;C:\Windows\system32;C:\Windows;C:\Windows\System32\Wbem;C:\Windows\System32\WindowsPowerShell\v1.0\;C:\Program Files (x86)\QuickTime\QTSystem\;C:\Program Files (x86)\PharosSystems\Core;C:\Program Files (x86)\Windows Kits\8.1\Windows Performance Toolkit\;C:\Program Files (x86)\Microsoft SDKs\TypeScript\1.0\;C:\Program Files\Microsoft SQL Server\110\Tools\Binn\;C:\Program Files\MATLAB\R2017a\bin;C:\Program Files\MATLAB\R2014a\runtime\win64;C:\Program Files\MATLAB\R2014a\bin;C:\Program Files (x86)\clisp-2.49;C:\Program Files\eclipse;
USERNAME=wgo563
OS=Windows_NT
PROCESSOR_IDENTIFIER=Intel64 Family 6 Model 63 Stepping 0, GenuineIntel



---------------  S Y S T E M  ---------------

OS: Windows 7 , 64 bit Build 7601 (6.1.7601.24354)

CPU:total 4 (2 cores per cpu, 1 threads per core) family 6 model 63 stepping 0, cmov, cx8, fxsr, mmx, sse, sse2, sse3, ssse3, sse4.1, sse4.2, popcnt, avx, avx2, aes, clmul, erms, lzcnt, tsc, tscinvbit, bmi1, bmi2

Memory: 4k page, physical 8388152k(969008k free), swap 9434824k(5124k free)

vm_info: Java HotSpot(TM) 64-Bit Server VM (25.51-b03) for windows-amd64 JRE (1.8.0_51-b16), built on Jun  8 2015 18:03:07 by "java_re" with MS VC++ 10.0 (VS2010)

time: Sun Mar 29 09:00:52 2020
elapsed time: 5 seconds (0d 0h 0m 5s)

