#
# There is insufficient memory for the Java Runtime Environment to continue.
# Native memory allocation (malloc) failed to allocate 44976 bytes for Chunk::new
# Possible reasons:
#   The system is out of physical RAM or swap space
#   In 32 bit mode, the process size limit was hit
# Possible solutions:
#   Reduce memory load on the system
#   Increase physical memory or swap space
#   Check if swap backing store is full
#   Use 64 bit Java on a 64 bit OS
#   Decrease Java heap size (-Xmx/-Xms)
#   Decrease number of Java threads
#   Decrease Java thread stack sizes (-Xss)
#   Set larger code cache with -XX:ReservedCodeCacheSize=
# This output file may be truncated or incomplete.
#
#  Out of Memory Error (allocation.cpp:390), pid=4804, tid=4288
#
# JRE version: Java(TM) SE Runtime Environment (8.0_51-b16) (build 1.8.0_51-b16)
# Java VM: Java HotSpot(TM) 64-Bit Server VM (25.51-b03 mixed mode windows-amd64 compressed oops)
# Failed to write core dump. Minidumps are not enabled by default on client versions of Windows
#

---------------  T H R E A D  ---------------

Current thread (0x00000000575b6800):  JavaThread "C2 CompilerThread0" daemon [_thread_in_native, id=4288, stack(0x0000000058b40000,0x0000000058c40000)]

Stack: [0x0000000058b40000,0x0000000058c40000]
Native frames: (J=compiled Java code, j=interpreted, Vv=VM code, C=native code)
V  [jvm.dll+0x32b4ca]


Current CompileTask:
C2:   2586  646       4       java.io.DataInputStream::readUTF (501 bytes)


---------------  P R O C E S S  ---------------

Java Threads: ( => current thread )
  0x0000000059028800 JavaThread "JavaFX-Launcher" [_thread_blocked, id=4148, stack(0x000000005b390000,0x000000005b490000)]
  0x000000005ab23800 JavaThread "Thread-2" daemon [_thread_in_native, id=4732, stack(0x000000005aa20000,0x000000005ab20000)]
  0x0000000058ff9000 JavaThread "JavaFX Application Thread" [_thread_in_Java, id=6084, stack(0x0000000059af0000,0x0000000059bf0000)]
  0x0000000058ff7800 JavaThread "Thread-1" daemon [_thread_blocked, id=4296, stack(0x00000000598c0000,0x00000000599c0000)]
  0x0000000058fc1800 JavaThread "QuantumRenderer-0" daemon [_thread_blocked, id=4588, stack(0x00000000596d0000,0x00000000597d0000)]
  0x0000000058ca3000 JavaThread "Service Thread" daemon [_thread_blocked, id=4480, stack(0x00000000594d0000,0x00000000595d0000)]
  0x0000000058ca0000 JavaThread "C1 CompilerThread2" daemon [_thread_in_native, id=3352, stack(0x0000000059360000,0x0000000059460000)]
  0x00000000575bb800 JavaThread "C2 CompilerThread1" daemon [_thread_in_native, id=5728, stack(0x00000000590c0000,0x00000000591c0000)]
=>0x00000000575b6800 JavaThread "C2 CompilerThread0" daemon [_thread_in_native, id=4288, stack(0x0000000058b40000,0x0000000058c40000)]
  0x00000000575b5800 JavaThread "Attach Listener" daemon [_thread_blocked, id=5920, stack(0x0000000058a10000,0x0000000058b10000)]
  0x00000000575b2800 JavaThread "Signal Dispatcher" daemon [_thread_blocked, id=4984, stack(0x0000000058820000,0x0000000058920000)]
  0x0000000057557000 JavaThread "Finalizer" daemon [_thread_blocked, id=984, stack(0x0000000058700000,0x0000000058800000)]
  0x000000005754f800 JavaThread "Reference Handler" daemon [_thread_blocked, id=4512, stack(0x0000000058560000,0x0000000058660000)]
  0x0000000001ec8000 JavaThread "main" [_thread_blocked, id=1644, stack(0x00000000021e0000,0x00000000022e0000)]

Other Threads:
  0x000000005754a000 VMThread [stack: 0x00000000583e0000,0x00000000584e0000] [id=4556]
  0x0000000058ca7800 WatcherThread [stack: 0x0000000059250000,0x0000000059350000] [id=5980]

VM state:not at safepoint (normal execution)

VM Mutex/Monitor currently owned by a thread: None

Heap:
 PSYoungGen      total 38400K, used 17266K [0x00000000d5580000, 0x00000000d8000000, 0x0000000100000000)
  eden space 33280K, 51% used [0x00000000d5580000,0x00000000d665cb90,0x00000000d7600000)
  from space 5120K, 0% used [0x00000000d7b00000,0x00000000d7b00000,0x00000000d8000000)
  to   space 5120K, 0% used [0x00000000d7600000,0x00000000d7600000,0x00000000d7b00000)
 ParOldGen       total 87552K, used 0K [0x0000000080000000, 0x0000000085580000, 0x00000000d5580000)
  object space 87552K, 0% used [0x0000000080000000,0x0000000080000000,0x0000000085580000)
 Metaspace       used 8965K, capacity 9304K, committed 9472K, reserved 1056768K
  class space    used 1145K, capacity 1258K, committed 1280K, reserved 1048576K

Card table byte_map: [0x0000000011970000,0x0000000011d80000] byte_map_base: 0x0000000011570000

Marking Bits: (ParMarkBitMap*) 0x000000006df84040
 Begin Bits: [0x00000000127c0000, 0x00000000147c0000)
 End Bits:   [0x00000000147c0000, 0x00000000167c0000)

Polling page: 0x0000000000420000

CodeCache: size=245760Kb used=2669Kb max_used=2681Kb free=243090Kb
 bounds [0x00000000025b0000, 0x0000000002850000, 0x00000000115b0000]
 total_blobs=1077 nmethods=669 adapters=320
 compilation: disabled (not enough contiguous free space left)

Compilation events (10 events):
Event: 2.580 Thread 0x0000000058ca0000  663       3       com.sun.javafx.css.SimpleSelector::<init> (340 bytes)
Event: 2.580 Thread 0x00000000575bb800  667       4       java.io.DataInputStream::readShort (40 bytes)
Event: 2.581 Thread 0x0000000058ca0000 nmethod 663 0x000000000283e510 code [0x000000000283e840, 0x00000000028402d8]
Event: 2.581 Thread 0x0000000058ca0000  666       3       com.sun.javafx.css.BitSet::size (49 bytes)
Event: 2.581 Thread 0x0000000058ca0000 nmethod 666 0x0000000002840d50 code [0x0000000002840ec0, 0x00000000028411c8]
Event: 2.581 Thread 0x0000000058ca0000  668       3       com.sun.javafx.css.SimpleSelector::readBinary (120 bytes)
Event: 2.582 Thread 0x0000000058ca0000 nmethod 668 0x0000000002841310 code [0x00000000028415e0, 0x0000000002842a48]
Event: 2.582 Thread 0x0000000058ca0000  659       3       com.sun.javafx.css.Selector::<init> (10 bytes)
Event: 2.583 Thread 0x0000000058ca0000 nmethod 659 0x0000000002843890 code [0x00000000028439e0, 0x0000000002843b90]
Event: 2.583 Thread 0x0000000058ca0000  660       3       com.sun.javafx.css.StyleClassSet::getStyleClass (148 bytes)

GC Heap History (0 events):
No events

Deoptimization events (3 events):
Event: 1.779 Thread 0x0000000058ff9000 Uncommon trap: reason=unstable_if action=reinterpret pc=0x00000000027753a4 method=java.lang.String.replace(CC)Ljava/lang/String; @ 26
Event: 2.351 Thread 0x0000000058ff9000 Uncommon trap: reason=unstable_if action=reinterpret pc=0x00000000027826bc method=java.lang.String.startsWith(Ljava/lang/String;I)Z @ 25
Event: 2.352 Thread 0x0000000058ff9000 Uncommon trap: reason=unstable_if action=reinterpret pc=0x0000000002798928 method=java.lang.String.indexOf([CII[CIII)I @ 134

Internal exceptions (10 events):
Event: 0.095 Thread 0x0000000001ec8000 Exception <a 'java/lang/NoSuchMethodError': Method sun.misc.Unsafe.prefetchRead(Ljava/lang/Object;J)V name or signature does not match> (0x00000000d558d5f0) thrown at [C:\re\workspace\8-2-build-windows-amd64-cygwin\jdk8u51\3951\hotspot\src\share\vm\prims\jÜFxdñ?
Event: 1.087 Thread 0x0000000001ec8000 Exception <a 'java/lang/NoSuchFieldError': method resolution failed> (0x00000000d586ae40) thrown at [C:\re\workspace\8-2-build-windows-amd64-cygwin\jdk8u51\3951\hotspot\src\share\vm\prims\methodHandles.cpp, line 1125]
Event: 1.091 Thread 0x0000000001ec8000 Exception <a 'java/lang/NoSuchFieldError': method resolution failed> (0x00000000d58794e0) thrown at [C:\re\workspace\8-2-build-windows-amd64-cygwin\jdk8u51\3951\hotspot\src\share\vm\prims\methodHandles.cpp, line 1125]
Event: 1.121 Thread 0x0000000001ec8000 Exception <a 'java/security/PrivilegedActionException'> (0x00000000d5902928) thrown at [C:\re\workspace\8-2-build-windows-amd64-cygwin\jdk8u51\3951\hotspot\src\share\vm\prims\jvm.cpp, line 1382]
Event: 1.121 Thread 0x0000000001ec8000 Exception <a 'java/security/PrivilegedActionException'> (0x00000000d5902ae0) thrown at [C:\re\workspace\8-2-build-windows-amd64-cygwin\jdk8u51\3951\hotspot\src\share\vm\prims\jvm.cpp, line 1382]
Event: 1.123 Thread 0x0000000001ec8000 Exception <a 'java/security/PrivilegedActionException'> (0x00000000d59065d8) thrown at [C:\re\workspace\8-2-build-windows-amd64-cygwin\jdk8u51\3951\hotspot\src\share\vm\prims\jvm.cpp, line 1382]
Event: 1.123 Thread 0x0000000001ec8000 Exception <a 'java/security/PrivilegedActionException'> (0x00000000d5906790) thrown at [C:\re\workspace\8-2-build-windows-amd64-cygwin\jdk8u51\3951\hotspot\src\share\vm\prims\jvm.cpp, line 1382]
Event: 1.123 Thread 0x0000000001ec8000 Exception <a 'java/lang/NullPointerException'> (0x00000000d5906d10) thrown at [C:\re\workspace\8-2-build-windows-amd64-cygwin\jdk8u51\3951\hotspot\src\share\vm\interpreter\linkResolver.cpp, line 1178]
Event: 1.976 Thread 0x0000000058ff9000 Exception <a 'java/lang/NullPointerException'> (0x00000000d6252fd0) thrown at [C:\re\workspace\8-2-build-windows-amd64-cygwin\jdk8u51\3951\hotspot\src\share\vm\interpreter\linkResolver.cpp, line 1178]
Event: 1.976 Thread 0x0000000058ff9000 Exception <a 'java/lang/NullPointerException'> (0x00000000d6252fd0) thrown at [C:\re\workspace\8-2-build-windows-amd64-cygwin\jdk8u51\3951\hotspot\src\share\vm\prims\jvm.cpp, line 1386]

Events (10 events):
Event: 2.575 loading class com/sun/javafx/collections/SetListenerHelper$SingleChange
Event: 2.575 loading class com/sun/javafx/collections/SetListenerHelper$SingleChange done
Event: 2.576 loading class com/sun/javafx/collections/SetListenerHelper$SingleInvalidation
Event: 2.576 loading class com/sun/javafx/collections/SetListenerHelper$SingleInvalidation done
Event: 2.576 loading class com/sun/javafx/css/Combinator
Event: 2.576 loading class com/sun/javafx/css/Combinator done
Event: 2.576 loading class com/sun/javafx/css/Combinator$1
Event: 2.576 loading class com/sun/javafx/css/Combinator$1 done
Event: 2.577 loading class com/sun/javafx/css/Combinator$2
Event: 2.577 loading class com/sun/javafx/css/Combinator$2 done


Dynamic libraries:
0x000000013faa0000 - 0x000000013fad7000 	C:\Program Files\Java\jre1.8.0_51\bin\javaw.exe
0x00000000771b0000 - 0x000000007734f000 	C:\Windows\SYSTEM32\ntdll.dll
0x0000000076f90000 - 0x00000000770af000 	C:\Windows\system32\kernel32.dll
0x000007fefd000000 - 0x000007fefd06a000 	C:\Windows\system32\KERNELBASE.dll
0x000007fefe2d0000 - 0x000007fefe3ab000 	C:\Windows\system32\ADVAPI32.dll
0x000007feff090000 - 0x000007feff12f000 	C:\Windows\system32\msvcrt.dll
0x000007fefe9e0000 - 0x000007fefe9ff000 	C:\Windows\SYSTEM32\sechost.dll
0x000007fefeed0000 - 0x000007fefeffd000 	C:\Windows\system32\RPCRT4.dll
0x00000000770b0000 - 0x00000000771aa000 	C:\Windows\system32\USER32.dll
0x000007fefde50000 - 0x000007fefdeb7000 	C:\Windows\system32\GDI32.dll
0x000007feff080000 - 0x000007feff08e000 	C:\Windows\system32\LPK.dll
0x000007fefded0000 - 0x000007fefdf9b000 	C:\Windows\system32\USP10.dll
0x000007fefb280000 - 0x000007fefb474000 	C:\Windows\WinSxS\amd64_microsoft.windows.common-controls_6595b64144ccf1df_6.0.7601.18837_none_fa3b1e3d17594757\COMCTL32.dll
0x000007fefe490000 - 0x000007fefe501000 	C:\Windows\system32\SHLWAPI.dll
0x000007feff240000 - 0x000007feff26e000 	C:\Windows\system32\IMM32.DLL
0x000007feff130000 - 0x000007feff239000 	C:\Windows\system32\MSCTF.dll
0x000007fefcc40000 - 0x000007fefcc65000 	C:\Windows\system32\vmwsci.dll
0x0000000077350000 - 0x0000000077357000 	C:\Windows\system32\PSAPI.DLL
0x000000006bea0000 - 0x000000006bf72000 	C:\Program Files\Java\jre1.8.0_51\bin\msvcr100.dll
0x000000006d780000 - 0x000000006e003000 	C:\Program Files\Java\jre1.8.0_51\bin\server\jvm.dll
0x000007fef7520000 - 0x000007fef7529000 	C:\Windows\system32\WSOCK32.dll
0x000007fefdfa0000 - 0x000007fefdfed000 	C:\Windows\system32\WS2_32.dll
0x000007fefdec0000 - 0x000007fefdec8000 	C:\Windows\system32\NSI.dll
0x000007fef74e0000 - 0x000007fef751b000 	C:\Windows\system32\WINMM.dll
0x000007fefbf30000 - 0x000007fefbf3c000 	C:\Windows\system32\VERSION.dll
0x0000000070610000 - 0x000000007061f000 	C:\Program Files\Java\jre1.8.0_51\bin\verify.dll
0x000000006fd30000 - 0x000000006fd59000 	C:\Program Files\Java\jre1.8.0_51\bin\java.dll
0x000000006fef0000 - 0x000000006ff06000 	C:\Program Files\Java\jre1.8.0_51\bin\zip.dll
0x000007fefd0c0000 - 0x000007fefde4a000 	C:\Windows\system32\SHELL32.dll
0x000007fefe7e0000 - 0x000007fefe9df000 	C:\Windows\system32\ole32.dll
0x000007fefcd00000 - 0x000007fefcd0f000 	C:\Windows\system32\profapi.dll
0x000000006d750000 - 0x000000006d77c000 	C:\Program Files\Java\jre1.8.0_51\bin\prism_d3d.dll
0x000007fee5460000 - 0x000007fee565f000 	C:\Windows\system32\d3d9.dll
0x000007fef9e10000 - 0x000007fef9e17000 	C:\Windows\system32\d3d8thk.dll
0x000007fefaea0000 - 0x000007fefaeb8000 	C:\Windows\system32\dwmapi.dll
0x000007feeee10000 - 0x000007feeee6e000 	C:\Windows\system32\vm3dum64.dll
0x000000006d700000 - 0x000000006d741000 	C:\Program Files\Java\jre1.8.0_51\bin\glass.dll
0x000007fefe050000 - 0x000007fefe0e7000 	C:\Windows\system32\COMDLG32.dll
0x000007fefe3b0000 - 0x000007fefe48a000 	C:\Windows\system32\OLEAUT32.dll
0x000007fefcb30000 - 0x000007fefcb3f000 	C:\Windows\system32\CRYPTBASE.dll

VM Arguments:
jvm_args: -Dfile.encoding=Cp1252 
java_command: application.Main
java_class_path (initial): V:\workspace\Math Madness\bin;V:\.eclipse\plugins\org.eclipse.fx.ide.css.jfx8_2.1.0.201508240705.jar
Launcher Type: SUN_STANDARD

Environment Variables:
CLASSPATH=.;C:\Program Files (x86)\Java\jre7\lib\ext\QTJava.zip
PATH=C:/Program Files/Java/jre1.8.0_51/bin/server;C:/Program Files/Java/jre1.8.0_51/bin;C:/Program Files/Java/jre1.8.0_51/lib/amd64;C:\ProgramData\Oracle\Java\javapath;C:\Windows\system32;C:\Windows;C:\Windows\System32\Wbem;C:\Windows\System32\WindowsPowerShell\v1.0\;C:\Program Files (x86)\QuickTime\QTSystem\;C:\Program Files (x86)\PharosSystems\Core;C:\Program Files (x86)\Windows Kits\8.1\Windows Performance Toolkit\;C:\Program Files (x86)\Microsoft SDKs\TypeScript\1.0\;C:\Program Files\Microsoft SQL Server\110\Tools\Binn\;C:\Program Files\MATLAB\R2017a\bin;C:\Program Files\MATLAB\R2014a\runtime\win64;C:\Program Files\MATLAB\R2014a\bin;C:\Program Files (x86)\clisp-2.49;C:\Program Files\eclipse;
USERNAME=wgo563
OS=Windows_NT
PROCESSOR_IDENTIFIER=Intel64 Family 6 Model 63 Stepping 0, GenuineIntel



---------------  S Y S T E M  ---------------

OS: Windows 7 , 64 bit Build 7601 (6.1.7601.24354)

CPU:total 4 (2 cores per cpu, 1 threads per core) family 6 model 63 stepping 0, cmov, cx8, fxsr, mmx, sse, sse2, sse3, ssse3, sse4.1, sse4.2, popcnt, avx, avx2, aes, clmul, erms, lzcnt, tsc, tscinvbit, bmi1, bmi2

Memory: 4k page, physical 8388152k(1122884k free), swap 9434824k(5112k free)

vm_info: Java HotSpot(TM) 64-Bit Server VM (25.51-b03) for windows-amd64 JRE (1.8.0_51-b16), built on Jun  8 2015 18:03:07 by "java_re" with MS VC++ 10.0 (VS2010)

time: Sun Mar 29 08:47:05 2020
elapsed time: 2 seconds (0d 0h 0m 2s)

